<?xml version="1.0" encoding="utf-8"?><testsuites><testsuite errors="0" failures="0" hostname="Marios-MacBook-Pro-4.local" name="pytest" skipped="0" tests="0" time="0.030" timestamp="2021-02-09T18:37:06.037573" /></testsuites>