<?xml version="1.0" encoding="utf-8"?><testsuites><testsuite errors="0" failures="0" hostname="lumipyry" name="pytest" skipped="0" tests="0" time="0.005" timestamp="2021-03-18T17:57:15.464566"></testsuite></testsuites>